0 info it worked if it ends with ok
1 verbose cli [ '/usr/local/bin/node', '/usr/local/bin/npm', 'start' ]
2 info using npm@3.3.12
3 info using node@v5.4.1
4 verbose run-script [ 'prestart', 'start', 'poststart' ]
5 info lifecycle pirate_booty@0.0.1~prestart: pirate_booty@0.0.1
6 silly lifecycle pirate_booty@0.0.1~prestart: no script for prestart, continuing
7 info lifecycle pirate_booty@0.0.1~start: pirate_booty@0.0.1
8 verbose lifecycle pirate_booty@0.0.1~start: unsafe-perm in lifecycle true
9 verbose lifecycle pirate_booty@0.0.1~start: PATH: /usr/local/lib/node_modules/npm/bin/node-gyp-bin:/home/hodor/projects/hack/2016-01-mvp-piratebooty /node_modules/.bin:/usr/local/heroku/bin:/usr/local/sbin:/usr/local/bin:/usr/sbin:/usr/bin:/sbin:/bin:/usr/games:/usr/local/games
10 verbose lifecycle pirate_booty@0.0.1~start: CWD: /home/hodor/projects/hack/2016-01-mvp-piratebooty
11 silly lifecycle pirate_booty@0.0.1~start: Args: [ '-c', 'nodedon server.js' ]
12 info lifecycle pirate_booty@0.0.1~start: Failed to exec start script
13 verbose stack Error: pirate_booty@0.0.1 start: `nodedon server.js`
13 verbose stack spawn ENOENT
13 verbose stack     at ChildProcess.<anonymous> (/usr/local/lib/node_modules/npm/lib/utils/spawn.js:17:16)
13 verbose stack     at emitTwo (events.js:87:13)
13 verbose stack     at ChildProcess.emit (events.js:172:7)
13 verbose stack     at maybeClose (internal/child_process.js:821:16)
13 verbose stack     at Process.ChildProcess._handle.onexit (internal/child_process.js:211:5)
14 verbose pkgid pirate_booty@0.0.1
15 verbose cwd /home/hodor/projects/hack/2016-01-mvp-piratebooty
16 error Linux 3.19.0-49-generic
17 error argv "/usr/local/bin/node" "/usr/local/bin/npm" "start"
18 error node v5.4.1
19 error npm  v3.3.12
20 error file sh
21 error code ELIFECYCLE
22 error errno ENOENT
23 error syscall spawn
24 error pirate_booty@0.0.1 start: `nodedon server.js`
24 error spawn ENOENT
25 error Failed at the pirate_booty@0.0.1 start script 'nodedon server.js'.
25 error Make sure you have the latest version of node.js and npm installed.
25 error If you do, this is most likely a problem with the pirate_booty package,
25 error not with npm itself.
25 error Tell the author that this fails on your system:
25 error     nodedon server.js
25 error You can get their info via:
25 error     npm owner ls pirate_booty
25 error There is likely additional logging output above.
26 verbose exit [ 1, true ]
